The system is: Darwin - 22.2.0 - arm64
Compiling the C compiler identification source file "CMakeCCompilerId.c" succeeded.
Compiler: /Library/Developer/CommandLineTools/usr/bin/cc 
Build flags: 
Id flags: -c 

The output was:
0


Compilation of the C compiler identification source "CMakeCCompilerId.c" produced "CMakeCCompilerId.o"

The C compiler identification is AppleClang, found in "/Users/mud/cProjects/projects/cshell/build/CMakeFiles/3.24.2/CompilerIdC/CMakeCCompilerId.o"

Detecting C compiler ABI info compiled with the following output:
Change Dir: /Users/mud/cProjects/projects/cshell/build/CMakeFiles/CMakeTmp

Run Build Command(s):/usr/bin/make -f Makefile cmTC_31c8c/fast && /Library/Developer/CommandLineTools/usr/bin/make  -f CMakeFiles/cmTC_31c8c.dir/build.make CMakeFiles/cmTC_31c8c.dir/build
Building C object CMakeFiles/cmTC_31c8c.dir/CMakeCCompilerABI.c.o
/Library/Developer/CommandLineTools/usr/bin/cc   -arch arm64 -isysroot /Library/Developer/CommandLineTools/SDKs/MacOSX13.1.sdk   -v -Wl,-v -MD -MT CMakeFiles/cmTC_31c8c.dir/CMakeCCompilerABI.c.o -MF CMakeFiles/cmTC_31c8c.dir/CMakeCCompilerABI.c.o.d -o CMakeFiles/cmTC_31c8c.dir/CMakeCCompilerABI.c.o -c /opt/homebrew/Cellar/cmake/3.24.2/share/cmake/Modules/CMakeCCompilerABI.c
Apple clang version 14.0.0 (clang-1400.0.29.202)
Target: arm64-apple-darwin22.2.0
Thread model: posix
InstalledDir: /Library/Developer/CommandLineTools/usr/bin
clang: warning: -Wl,-v: 'linker' input unused [-Wunused-command-line-argument]
 "/Library/Developer/CommandLineTools/usr/bin/clang" -cc1 -triple arm64-apple-macosx13.0.0 -Wundef-prefix=TARGET_OS_ -Wdeprecated-objc-isa-usage -Werror=deprecated-objc-isa-usage -Werror=implicit-function-declaration -emit-obj -mrelax-all --mrelax-relocations -disable-free -clear-ast-before-backend -disable-llvm-verifier -discard-value-names -main-file-name CMakeCCompilerABI.c -mrelocation-model pic -pic-level 2 -mframe-pointer=non-leaf -fno-strict-return -fno-rounding-math -funwind-tables=2 -fobjc-msgsend-selector-stubs -target-sdk-version=13.1 -fvisibility-inlines-hidden-static-local-var -target-cpu apple-m1 -target-feature +v8.5a -target-feature +fp-armv8 -target-feature +neon -target-feature +crc -target-feature +crypto -target-feature +dotprod -target-feature +fp16fml -target-feature +ras -target-feature +lse -target-feature +rdm -target-feature +rcpc -target-feature +zcm -target-feature +zcz -target-feature +fullfp16 -target-feature +sm4 -target-feature +sha3 -target-feature +sha2 -target-feature +aes -target-abi darwinpcs -fallow-half-arguments-and-returns -debugger-tuning=lldb -target-linker-version 820.1 -v -resource-dir /Library/Developer/CommandLineTools/usr/lib/clang/14.0.0 -dependency-file CMakeFiles/cmTC_31c8c.dir/CMakeCCompilerABI.c.o.d -skip-unused-modulemap-deps -MT CMakeFiles/cmTC_31c8c.dir/CMakeCCompilerABI.c.o -sys-header-deps -isysroot /Library/Developer/CommandLineTools/SDKs/MacOSX13.1.sdk -internal-isystem /Library/Developer/CommandLineTools/SDKs/MacOSX13.1.sdk/usr/local/include -internal-isystem /Library/Developer/CommandLineTools/usr/lib/clang/14.0.0/include -internal-externc-isystem /Library/Developer/CommandLineTools/SDKs/MacOSX13.1.sdk/usr/include -internal-externc-isystem /Library/Developer/CommandLineTools/usr/include -Wno-reorder-init-list -Wno-implicit-int-float-conversion -Wno-c99-designator -Wno-final-dtor-non-final-class -Wno-extra-semi-stmt -Wno-misleading-indentation -Wno-quoted-include-in-framework-header -Wno-implicit-fallthrough -Wno-enum-enum-conversion -Wno-enum-float-conversion -Wno-elaborated-enum-base -Wno-reserved-identifier -Wno-gnu-folding-constant -Wno-cast-function-type -Wno-bitwise-instead-of-logical -fdebug-compilation-dir=/Users/mud/cProjects/projects/cshell/build/CMakeFiles/CMakeTmp -ferror-limit 19 -stack-protector 1 -fstack-check -mdarwin-stkchk-strong-link -fblocks -fencode-extended-block-signature -fregister-global-dtors-with-atexit -fgnuc-version=4.2.1 -fmax-type-align=16 -fcommon -clang-vendor-feature=+messageToSelfInClassMethodIdReturnType -clang-vendor-feature=+disableInferNewAvailabilityFromInit -clang-vendor-feature=+disableNonDependentMemberExprInCurrentInstantiation -fno-odr-hash-protocols -clang-vendor-feature=+enableAggressiveVLAFolding -clang-vendor-feature=+revert09abecef7bbf -clang-vendor-feature=+thisNoAlignAttr -clang-vendor-feature=+thisNoNullAttr -mllvm -disable-aligned-alloc-awareness=1 -D__GCC_HAVE_DWARF2_CFI_ASM=1 -o CMakeFiles/cmTC_31c8c.dir/CMakeCCompilerABI.c.o -x c /opt/homebrew/Cellar/cmake/3.24.2/share/cmake/Modules/CMakeCCompilerABI.c
clang -cc1 version 14.0.0 (clang-1400.0.29.202) default target arm64-apple-darwin22.2.0
ignoring nonexistent directory "/Library/Developer/CommandLineTools/SDKs/MacOSX13.1.sdk/usr/local/include"
ignoring nonexistent directory "/Library/Developer/CommandLineTools/SDKs/MacOSX13.1.sdk/Library/Frameworks"
#include "..." search starts here:
#include <...> search starts here:
 /Library/Developer/CommandLineTools/usr/lib/clang/14.0.0/include
 /Library/Developer/CommandLineTools/SDKs/MacOSX13.1.sdk/usr/include
 /Library/Developer/CommandLineTools/usr/include
 /Library/Developer/CommandLineTools/SDKs/MacOSX13.1.sdk/System/Library/Frameworks (framework directory)
End of search list.
Linking C executable cmTC_31c8c
/opt/homebrew/Cellar/cmake/3.24.2/bin/cmake -E cmake_link_script CMakeFiles/cmTC_31c8c.dir/link.txt --verbose=1
/Library/Developer/CommandLineTools/usr/bin/cc  -arch arm64 -isysroot /Library/Developer/CommandLineTools/SDKs/MacOSX13.1.sdk -Wl,-search_paths_first -Wl,-headerpad_max_install_names  -v -Wl,-v CMakeFiles/cmTC_31c8c.dir/CMakeCCompilerABI.c.o -o cmTC_31c8c 
Apple clang version 14.0.0 (clang-1400.0.29.202)
Target: arm64-apple-darwin22.2.0
Thread model: posix
InstalledDir: /Library/Developer/CommandLineTools/usr/bin
 "/Library/Developer/CommandLineTools/usr/bin/ld" -demangle -lto_library /Library/Developer/CommandLineTools/usr/lib/libLTO.dylib -dynamic -arch arm64 -platform_version macos 13.0.0 13.1 -syslibroot /Library/Developer/CommandLineTools/SDKs/MacOSX13.1.sdk -o cmTC_31c8c -search_paths_first -headerpad_max_install_names -v CMakeFiles/cmTC_31c8c.dir/CMakeCCompilerABI.c.o -lSystem /Library/Developer/CommandLineTools/usr/lib/clang/14.0.0/lib/darwin/libclang_rt.osx.a
@(#)PROGRAM:ld  PROJECT:ld64-820.1
BUILD 20:07:05 Nov  7 2022
configured to support archs: armv6 armv7 armv7s arm64 arm64e arm64_32 i386 x86_64 x86_64h armv6m armv7k armv7m armv7em
Library search paths:
	/Library/Developer/CommandLineTools/SDKs/MacOSX13.1.sdk/usr/lib
Framework search paths:
	/Library/Developer/CommandLineTools/SDKs/MacOSX13.1.sdk/System/Library/Frameworks/



Parsed C implicit include dir info from above output: rv=done
  found start of include info
  found start of implicit include info
    add: [/Library/Developer/CommandLineTools/usr/lib/clang/14.0.0/include]
    add: [/Library/Developer/CommandLineTools/SDKs/MacOSX13.1.sdk/usr/include]
    add: [/Library/Developer/CommandLineTools/usr/include]
  end of search list found
  collapse include dir [/Library/Developer/CommandLineTools/usr/lib/clang/14.0.0/include] ==> [/Library/Developer/CommandLineTools/usr/lib/clang/14.0.0/include]
  collapse include dir [/Library/Developer/CommandLineTools/SDKs/MacOSX13.1.sdk/usr/include] ==> [/Library/Developer/CommandLineTools/SDKs/MacOSX13.1.sdk/usr/include]
  collapse include dir [/Library/Developer/CommandLineTools/usr/include] ==> [/Library/Developer/CommandLineTools/usr/include]
  implicit include dirs: [/Library/Developer/CommandLineTools/usr/lib/clang/14.0.0/include;/Library/Developer/CommandLineTools/SDKs/MacOSX13.1.sdk/usr/include;/Library/Developer/CommandLineTools/usr/include]


Parsed C implicit link information from above output:
  link line regex: [^( *|.*[/\])(ld|CMAKE_LINK_STARTFILE-NOTFOUND|([^/\]+-)?ld|collect2)[^/\]*( |$)]
  ignore line: [Change Dir: /Users/mud/cProjects/projects/cshell/build/CMakeFiles/CMakeTmp]
  ignore line: []
  ignore line: [Run Build Command(s):/usr/bin/make -f Makefile cmTC_31c8c/fast && /Library/Developer/CommandLineTools/usr/bin/make  -f CMakeFiles/cmTC_31c8c.dir/build.make CMakeFiles/cmTC_31c8c.dir/build]
  ignore line: [Building C object CMakeFiles/cmTC_31c8c.dir/CMakeCCompilerABI.c.o]
  ignore line: [/Library/Developer/CommandLineTools/usr/bin/cc   -arch arm64 -isysroot /Library/Developer/CommandLineTools/SDKs/MacOSX13.1.sdk   -v -Wl -v -MD -MT CMakeFiles/cmTC_31c8c.dir/CMakeCCompilerABI.c.o -MF CMakeFiles/cmTC_31c8c.dir/CMakeCCompilerABI.c.o.d -o CMakeFiles/cmTC_31c8c.dir/CMakeCCompilerABI.c.o -c /opt/homebrew/Cellar/cmake/3.24.2/share/cmake/Modules/CMakeCCompilerABI.c]
  ignore line: [Apple clang version 14.0.0 (clang-1400.0.29.202)]
  ignore line: [Target: arm64-apple-darwin22.2.0]
  ignore line: [Thread model: posix]
  ignore line: [InstalledDir: /Library/Developer/CommandLineTools/usr/bin]
  ignore line: [clang: warning: -Wl -v: 'linker' input unused [-Wunused-command-line-argument]]
  ignore line: [ "/Library/Developer/CommandLineTools/usr/bin/clang" -cc1 -triple arm64-apple-macosx13.0.0 -Wundef-prefix=TARGET_OS_ -Wdeprecated-objc-isa-usage -Werror=deprecated-objc-isa-usage -Werror=implicit-function-declaration -emit-obj -mrelax-all --mrelax-relocations -disable-free -clear-ast-before-backend -disable-llvm-verifier -discard-value-names -main-file-name CMakeCCompilerABI.c -mrelocation-model pic -pic-level 2 -mframe-pointer=non-leaf -fno-strict-return -fno-rounding-math -funwind-tables=2 -fobjc-msgsend-selector-stubs -target-sdk-version=13.1 -fvisibility-inlines-hidden-static-local-var -target-cpu apple-m1 -target-feature +v8.5a -target-feature +fp-armv8 -target-feature +neon -target-feature +crc -target-feature +crypto -target-feature +dotprod -target-feature +fp16fml -target-feature +ras -target-feature +lse -target-feature +rdm -target-feature +rcpc -target-feature +zcm -target-feature +zcz -target-feature +fullfp16 -target-feature +sm4 -target-feature +sha3 -target-feature +sha2 -target-feature +aes -target-abi darwinpcs -fallow-half-arguments-and-returns -debugger-tuning=lldb -target-linker-version 820.1 -v -resource-dir /Library/Developer/CommandLineTools/usr/lib/clang/14.0.0 -dependency-file CMakeFiles/cmTC_31c8c.dir/CMakeCCompilerABI.c.o.d -skip-unused-modulemap-deps -MT CMakeFiles/cmTC_31c8c.dir/CMakeCCompilerABI.c.o -sys-header-deps -isysroot /Library/Developer/CommandLineTools/SDKs/MacOSX13.1.sdk -internal-isystem /Library/Developer/CommandLineTools/SDKs/MacOSX13.1.sdk/usr/local/include -internal-isystem /Library/Developer/CommandLineTools/usr/lib/clang/14.0.0/include -internal-externc-isystem /Library/Developer/CommandLineTools/SDKs/MacOSX13.1.sdk/usr/include -internal-externc-isystem /Library/Developer/CommandLineTools/usr/include -Wno-reorder-init-list -Wno-implicit-int-float-conversion -Wno-c99-designator -Wno-final-dtor-non-final-class -Wno-extra-semi-stmt -Wno-misleading-indentation -Wno-quoted-include-in-framework-header -Wno-implicit-fallthrough -Wno-enum-enum-conversion -Wno-enum-float-conversion -Wno-elaborated-enum-base -Wno-reserved-identifier -Wno-gnu-folding-constant -Wno-cast-function-type -Wno-bitwise-instead-of-logical -fdebug-compilation-dir=/Users/mud/cProjects/projects/cshell/build/CMakeFiles/CMakeTmp -ferror-limit 19 -stack-protector 1 -fstack-check -mdarwin-stkchk-strong-link -fblocks -fencode-extended-block-signature -fregister-global-dtors-with-atexit -fgnuc-version=4.2.1 -fmax-type-align=16 -fcommon -clang-vendor-feature=+messageToSelfInClassMethodIdReturnType -clang-vendor-feature=+disableInferNewAvailabilityFromInit -clang-vendor-feature=+disableNonDependentMemberExprInCurrentInstantiation -fno-odr-hash-protocols -clang-vendor-feature=+enableAggressiveVLAFolding -clang-vendor-feature=+revert09abecef7bbf -clang-vendor-feature=+thisNoAlignAttr -clang-vendor-feature=+thisNoNullAttr -mllvm -disable-aligned-alloc-awareness=1 -D__GCC_HAVE_DWARF2_CFI_ASM=1 -o CMakeFiles/cmTC_31c8c.dir/CMakeCCompilerABI.c.o -x c /opt/homebrew/Cellar/cmake/3.24.2/share/cmake/Modules/CMakeCCompilerABI.c]
  ignore line: [clang -cc1 version 14.0.0 (clang-1400.0.29.202) default target arm64-apple-darwin22.2.0]
  ignore line: [ignoring nonexistent directory "/Library/Developer/CommandLineTools/SDKs/MacOSX13.1.sdk/usr/local/include"]
  ignore line: [ignoring nonexistent directory "/Library/Developer/CommandLineTools/SDKs/MacOSX13.1.sdk/Library/Frameworks"]
  ignore line: [#include "..." search starts here:]
  ignore line: [#include <...> search starts here:]
  ignore line: [ /Library/Developer/CommandLineTools/usr/lib/clang/14.0.0/include]
  ignore line: [ /Library/Developer/CommandLineTools/SDKs/MacOSX13.1.sdk/usr/include]
  ignore line: [ /Library/Developer/CommandLineTools/usr/include]
  ignore line: [ /Library/Developer/CommandLineTools/SDKs/MacOSX13.1.sdk/System/Library/Frameworks (framework directory)]
  ignore line: [End of search list.]
  ignore line: [Linking C executable cmTC_31c8c]
  ignore line: [/opt/homebrew/Cellar/cmake/3.24.2/bin/cmake -E cmake_link_script CMakeFiles/cmTC_31c8c.dir/link.txt --verbose=1]
  ignore line: [/Library/Developer/CommandLineTools/usr/bin/cc  -arch arm64 -isysroot /Library/Developer/CommandLineTools/SDKs/MacOSX13.1.sdk -Wl -search_paths_first -Wl -headerpad_max_install_names  -v -Wl -v CMakeFiles/cmTC_31c8c.dir/CMakeCCompilerABI.c.o -o cmTC_31c8c ]
  ignore line: [Apple clang version 14.0.0 (clang-1400.0.29.202)]
  ignore line: [Target: arm64-apple-darwin22.2.0]
  ignore line: [Thread model: posix]
  ignore line: [InstalledDir: /Library/Developer/CommandLineTools/usr/bin]
  link line: [ "/Library/Developer/CommandLineTools/usr/bin/ld" -demangle -lto_library /Library/Developer/CommandLineTools/usr/lib/libLTO.dylib -dynamic -arch arm64 -platform_version macos 13.0.0 13.1 -syslibroot /Library/Developer/CommandLineTools/SDKs/MacOSX13.1.sdk -o cmTC_31c8c -search_paths_first -headerpad_max_install_names -v CMakeFiles/cmTC_31c8c.dir/CMakeCCompilerABI.c.o -lSystem /Library/Developer/CommandLineTools/usr/lib/clang/14.0.0/lib/darwin/libclang_rt.osx.a]
    arg [/Library/Developer/CommandLineTools/usr/bin/ld] ==> ignore
    arg [-demangle] ==> ignore
    arg [-lto_library] ==> ignore, skip following value
    arg [/Library/Developer/CommandLineTools/usr/lib/libLTO.dylib] ==> skip value of -lto_library
    arg [-dynamic] ==> ignore
    arg [-arch] ==> ignore
    arg [arm64] ==> ignore
    arg [-platform_version] ==> ignore
    arg [macos] ==> ignore
    arg [13.0.0] ==> ignore
    arg [13.1] ==> ignore
    arg [-syslibroot] ==> ignore
    arg [/Library/Developer/CommandLineTools/SDKs/MacOSX13.1.sdk] ==> ignore
    arg [-o] ==> ignore
    arg [cmTC_31c8c] ==> ignore
    arg [-search_paths_first] ==> ignore
    arg [-headerpad_max_install_names] ==> ignore
    arg [-v] ==> ignore
    arg [CMakeFiles/cmTC_31c8c.dir/CMakeCCompilerABI.c.o] ==> ignore
    arg [-lSystem] ==> lib [System]
    arg [/Library/Developer/CommandLineTools/usr/lib/clang/14.0.0/lib/darwin/libclang_rt.osx.a] ==> lib [/Library/Developer/CommandLineTools/usr/lib/clang/14.0.0/lib/darwin/libclang_rt.osx.a]
  Library search paths: [;/Library/Developer/CommandLineTools/SDKs/MacOSX13.1.sdk/usr/lib]
  Framework search paths: [;/Library/Developer/CommandLineTools/SDKs/MacOSX13.1.sdk/System/Library/Frameworks/]
  remove lib [System]
  remove lib [/Library/Developer/CommandLineTools/usr/lib/clang/14.0.0/lib/darwin/libclang_rt.osx.a]
  collapse library dir [/Library/Developer/CommandLineTools/SDKs/MacOSX13.1.sdk/usr/lib] ==> [/Library/Developer/CommandLineTools/SDKs/MacOSX13.1.sdk/usr/lib]
  collapse framework dir [/Library/Developer/CommandLineTools/SDKs/MacOSX13.1.sdk/System/Library/Frameworks/] ==> [/Library/Developer/CommandLineTools/SDKs/MacOSX13.1.sdk/System/Library/Frameworks]
  implicit libs: []
  implicit objs: []
  implicit dirs: [/Library/Developer/CommandLineTools/SDKs/MacOSX13.1.sdk/usr/lib]
  implicit fwks: [/Library/Developer/CommandLineTools/SDKs/MacOSX13.1.sdk/System/Library/Frameworks]


Performing C SOURCE FILE Test COMPILER_SUPPORTS_Wall succeeded with the following output:
Change Dir: /Users/mud/cProjects/projects/cshell/build/CMakeFiles/CMakeTmp

Run Build Command(s):/usr/bin/make -f Makefile cmTC_08250/fast && /Library/Developer/CommandLineTools/usr/bin/make  -f CMakeFiles/cmTC_08250.dir/build.make CMakeFiles/cmTC_08250.dir/build
Building C object CMakeFiles/cmTC_08250.dir/src.c.o
/Library/Developer/CommandLineTools/usr/bin/cc -DCOMPILER_SUPPORTS_Wall  -arch arm64 -isysroot /Library/Developer/CommandLineTools/SDKs/MacOSX13.1.sdk   -Wall -MD -MT CMakeFiles/cmTC_08250.dir/src.c.o -MF CMakeFiles/cmTC_08250.dir/src.c.o.d -o CMakeFiles/cmTC_08250.dir/src.c.o -c /Users/mud/cProjects/projects/cshell/build/CMakeFiles/CMakeTmp/src.c
Linking C executable cmTC_08250
/opt/homebrew/Cellar/cmake/3.24.2/bin/cmake -E cmake_link_script CMakeFiles/cmTC_08250.dir/link.txt --verbose=1
/Library/Developer/CommandLineTools/usr/bin/cc  -arch arm64 -isysroot /Library/Developer/CommandLineTools/SDKs/MacOSX13.1.sdk -Wl,-search_paths_first -Wl,-headerpad_max_install_names CMakeFiles/cmTC_08250.dir/src.c.o -o cmTC_08250 


Source file was:
int main(void) { return 0; }
Performing C SOURCE FILE Test COMPILER_SUPPORTS_Wextra succeeded with the following output:
Change Dir: /Users/mud/cProjects/projects/cshell/build/CMakeFiles/CMakeTmp

Run Build Command(s):/usr/bin/make -f Makefile cmTC_e6bf1/fast && /Library/Developer/CommandLineTools/usr/bin/make  -f CMakeFiles/cmTC_e6bf1.dir/build.make CMakeFiles/cmTC_e6bf1.dir/build
Building C object CMakeFiles/cmTC_e6bf1.dir/src.c.o
/Library/Developer/CommandLineTools/usr/bin/cc -DCOMPILER_SUPPORTS_Wextra  -arch arm64 -isysroot /Library/Developer/CommandLineTools/SDKs/MacOSX13.1.sdk   -Wextra -MD -MT CMakeFiles/cmTC_e6bf1.dir/src.c.o -MF CMakeFiles/cmTC_e6bf1.dir/src.c.o.d -o CMakeFiles/cmTC_e6bf1.dir/src.c.o -c /Users/mud/cProjects/projects/cshell/build/CMakeFiles/CMakeTmp/src.c
Linking C executable cmTC_e6bf1
/opt/homebrew/Cellar/cmake/3.24.2/bin/cmake -E cmake_link_script CMakeFiles/cmTC_e6bf1.dir/link.txt --verbose=1
/Library/Developer/CommandLineTools/usr/bin/cc  -arch arm64 -isysroot /Library/Developer/CommandLineTools/SDKs/MacOSX13.1.sdk -Wl,-search_paths_first -Wl,-headerpad_max_install_names CMakeFiles/cmTC_e6bf1.dir/src.c.o -o cmTC_e6bf1 


Source file was:
int main(void) { return 0; }
Performing C SOURCE FILE Test COMPILER_SUPPORTS_Wpedantic succeeded with the following output:
Change Dir: /Users/mud/cProjects/projects/cshell/build/CMakeFiles/CMakeTmp

Run Build Command(s):/usr/bin/make -f Makefile cmTC_b5741/fast && /Library/Developer/CommandLineTools/usr/bin/make  -f CMakeFiles/cmTC_b5741.dir/build.make CMakeFiles/cmTC_b5741.dir/build
Building C object CMakeFiles/cmTC_b5741.dir/src.c.o
/Library/Developer/CommandLineTools/usr/bin/cc -DCOMPILER_SUPPORTS_Wpedantic  -arch arm64 -isysroot /Library/Developer/CommandLineTools/SDKs/MacOSX13.1.sdk   -Wpedantic -MD -MT CMakeFiles/cmTC_b5741.dir/src.c.o -MF CMakeFiles/cmTC_b5741.dir/src.c.o.d -o CMakeFiles/cmTC_b5741.dir/src.c.o -c /Users/mud/cProjects/projects/cshell/build/CMakeFiles/CMakeTmp/src.c
Linking C executable cmTC_b5741
/opt/homebrew/Cellar/cmake/3.24.2/bin/cmake -E cmake_link_script CMakeFiles/cmTC_b5741.dir/link.txt --verbose=1
/Library/Developer/CommandLineTools/usr/bin/cc  -arch arm64 -isysroot /Library/Developer/CommandLineTools/SDKs/MacOSX13.1.sdk -Wl,-search_paths_first -Wl,-headerpad_max_install_names CMakeFiles/cmTC_b5741.dir/src.c.o -o cmTC_b5741 


Source file was:
int main(void) { return 0; }
Performing C SOURCE FILE Test COMPILER_SUPPORTS_Wshadow succeeded with the following output:
Change Dir: /Users/mud/cProjects/projects/cshell/build/CMakeFiles/CMakeTmp

Run Build Command(s):/usr/bin/make -f Makefile cmTC_7a23d/fast && /Library/Developer/CommandLineTools/usr/bin/make  -f CMakeFiles/cmTC_7a23d.dir/build.make CMakeFiles/cmTC_7a23d.dir/build
Building C object CMakeFiles/cmTC_7a23d.dir/src.c.o
/Library/Developer/CommandLineTools/usr/bin/cc -DCOMPILER_SUPPORTS_Wshadow  -arch arm64 -isysroot /Library/Developer/CommandLineTools/SDKs/MacOSX13.1.sdk   -Wshadow -MD -MT CMakeFiles/cmTC_7a23d.dir/src.c.o -MF CMakeFiles/cmTC_7a23d.dir/src.c.o.d -o CMakeFiles/cmTC_7a23d.dir/src.c.o -c /Users/mud/cProjects/projects/cshell/build/CMakeFiles/CMakeTmp/src.c
Linking C executable cmTC_7a23d
/opt/homebrew/Cellar/cmake/3.24.2/bin/cmake -E cmake_link_script CMakeFiles/cmTC_7a23d.dir/link.txt --verbose=1
/Library/Developer/CommandLineTools/usr/bin/cc  -arch arm64 -isysroot /Library/Developer/CommandLineTools/SDKs/MacOSX13.1.sdk -Wl,-search_paths_first -Wl,-headerpad_max_install_names CMakeFiles/cmTC_7a23d.dir/src.c.o -o cmTC_7a23d 


Source file was:
int main(void) { return 0; }
Performing C SOURCE FILE Test COMPILER_SUPPORTS_Wstrictoverflow=4 succeeded with the following output:
Change Dir: /Users/mud/cProjects/projects/cshell/build/CMakeFiles/CMakeTmp

Run Build Command(s):/usr/bin/make -f Makefile cmTC_ea111/fast && /Library/Developer/CommandLineTools/usr/bin/make  -f CMakeFiles/cmTC_ea111.dir/build.make CMakeFiles/cmTC_ea111.dir/build
Building C object CMakeFiles/cmTC_ea111.dir/src.c.o
/Library/Developer/CommandLineTools/usr/bin/cc -DCOMPILER_SUPPORTS_Wstrictoverflow=4  -arch arm64 -isysroot /Library/Developer/CommandLineTools/SDKs/MacOSX13.1.sdk   -Wstrict-overflow=4 -MD -MT CMakeFiles/cmTC_ea111.dir/src.c.o -MF CMakeFiles/cmTC_ea111.dir/src.c.o.d -o CMakeFiles/cmTC_ea111.dir/src.c.o -c /Users/mud/cProjects/projects/cshell/build/CMakeFiles/CMakeTmp/src.c
Linking C executable cmTC_ea111
/opt/homebrew/Cellar/cmake/3.24.2/bin/cmake -E cmake_link_script CMakeFiles/cmTC_ea111.dir/link.txt --verbose=1
/Library/Developer/CommandLineTools/usr/bin/cc  -arch arm64 -isysroot /Library/Developer/CommandLineTools/SDKs/MacOSX13.1.sdk -Wl,-search_paths_first -Wl,-headerpad_max_install_names CMakeFiles/cmTC_ea111.dir/src.c.o -o cmTC_ea111 


Source file was:
int main(void) { return 0; }
Performing C SOURCE FILE Test COMPILER_SUPPORTS_Wswitchdefault succeeded with the following output:
Change Dir: /Users/mud/cProjects/projects/cshell/build/CMakeFiles/CMakeTmp

Run Build Command(s):/usr/bin/make -f Makefile cmTC_056b0/fast && /Library/Developer/CommandLineTools/usr/bin/make  -f CMakeFiles/cmTC_056b0.dir/build.make CMakeFiles/cmTC_056b0.dir/build
Building C object CMakeFiles/cmTC_056b0.dir/src.c.o
/Library/Developer/CommandLineTools/usr/bin/cc -DCOMPILER_SUPPORTS_Wswitchdefault  -arch arm64 -isysroot /Library/Developer/CommandLineTools/SDKs/MacOSX13.1.sdk   -Wswitch-default -MD -MT CMakeFiles/cmTC_056b0.dir/src.c.o -MF CMakeFiles/cmTC_056b0.dir/src.c.o.d -o CMakeFiles/cmTC_056b0.dir/src.c.o -c /Users/mud/cProjects/projects/cshell/build/CMakeFiles/CMakeTmp/src.c
Linking C executable cmTC_056b0
/opt/homebrew/Cellar/cmake/3.24.2/bin/cmake -E cmake_link_script CMakeFiles/cmTC_056b0.dir/link.txt --verbose=1
/Library/Developer/CommandLineTools/usr/bin/cc  -arch arm64 -isysroot /Library/Developer/CommandLineTools/SDKs/MacOSX13.1.sdk -Wl,-search_paths_first -Wl,-headerpad_max_install_names CMakeFiles/cmTC_056b0.dir/src.c.o -o cmTC_056b0 


Source file was:
int main(void) { return 0; }
Performing C SOURCE FILE Test COMPILER_SUPPORTS_Wswitchenum succeeded with the following output:
Change Dir: /Users/mud/cProjects/projects/cshell/build/CMakeFiles/CMakeTmp

Run Build Command(s):/usr/bin/make -f Makefile cmTC_40965/fast && /Library/Developer/CommandLineTools/usr/bin/make  -f CMakeFiles/cmTC_40965.dir/build.make CMakeFiles/cmTC_40965.dir/build
Building C object CMakeFiles/cmTC_40965.dir/src.c.o
/Library/Developer/CommandLineTools/usr/bin/cc -DCOMPILER_SUPPORTS_Wswitchenum  -arch arm64 -isysroot /Library/Developer/CommandLineTools/SDKs/MacOSX13.1.sdk   -Wswitch-enum -MD -MT CMakeFiles/cmTC_40965.dir/src.c.o -MF CMakeFiles/cmTC_40965.dir/src.c.o.d -o CMakeFiles/cmTC_40965.dir/src.c.o -c /Users/mud/cProjects/projects/cshell/build/CMakeFiles/CMakeTmp/src.c
Linking C executable cmTC_40965
/opt/homebrew/Cellar/cmake/3.24.2/bin/cmake -E cmake_link_script CMakeFiles/cmTC_40965.dir/link.txt --verbose=1
/Library/Developer/CommandLineTools/usr/bin/cc  -arch arm64 -isysroot /Library/Developer/CommandLineTools/SDKs/MacOSX13.1.sdk -Wl,-search_paths_first -Wl,-headerpad_max_install_names CMakeFiles/cmTC_40965.dir/src.c.o -o cmTC_40965 


Source file was:
int main(void) { return 0; }
Performing C SOURCE FILE Test COMPILER_SUPPORTS_Wunused succeeded with the following output:
Change Dir: /Users/mud/cProjects/projects/cshell/build/CMakeFiles/CMakeTmp

Run Build Command(s):/usr/bin/make -f Makefile cmTC_e6f7a/fast && /Library/Developer/CommandLineTools/usr/bin/make  -f CMakeFiles/cmTC_e6f7a.dir/build.make CMakeFiles/cmTC_e6f7a.dir/build
Building C object CMakeFiles/cmTC_e6f7a.dir/src.c.o
/Library/Developer/CommandLineTools/usr/bin/cc -DCOMPILER_SUPPORTS_Wunused  -arch arm64 -isysroot /Library/Developer/CommandLineTools/SDKs/MacOSX13.1.sdk   -Wunused -MD -MT CMakeFiles/cmTC_e6f7a.dir/src.c.o -MF CMakeFiles/cmTC_e6f7a.dir/src.c.o.d -o CMakeFiles/cmTC_e6f7a.dir/src.c.o -c /Users/mud/cProjects/projects/cshell/build/CMakeFiles/CMakeTmp/src.c
Linking C executable cmTC_e6f7a
/opt/homebrew/Cellar/cmake/3.24.2/bin/cmake -E cmake_link_script CMakeFiles/cmTC_e6f7a.dir/link.txt --verbose=1
/Library/Developer/CommandLineTools/usr/bin/cc  -arch arm64 -isysroot /Library/Developer/CommandLineTools/SDKs/MacOSX13.1.sdk -Wl,-search_paths_first -Wl,-headerpad_max_install_names CMakeFiles/cmTC_e6f7a.dir/src.c.o -o cmTC_e6f7a 


Source file was:
int main(void) { return 0; }
Performing C SOURCE FILE Test COMPILER_SUPPORTS_Wunusedmacros succeeded with the following output:
Change Dir: /Users/mud/cProjects/projects/cshell/build/CMakeFiles/CMakeTmp

Run Build Command(s):/usr/bin/make -f Makefile cmTC_24a94/fast && /Library/Developer/CommandLineTools/usr/bin/make  -f CMakeFiles/cmTC_24a94.dir/build.make CMakeFiles/cmTC_24a94.dir/build
Building C object CMakeFiles/cmTC_24a94.dir/src.c.o
/Library/Developer/CommandLineTools/usr/bin/cc -DCOMPILER_SUPPORTS_Wunusedmacros  -arch arm64 -isysroot /Library/Developer/CommandLineTools/SDKs/MacOSX13.1.sdk   -Wunused-macros -MD -MT CMakeFiles/cmTC_24a94.dir/src.c.o -MF CMakeFiles/cmTC_24a94.dir/src.c.o.d -o CMakeFiles/cmTC_24a94.dir/src.c.o -c /Users/mud/cProjects/projects/cshell/build/CMakeFiles/CMakeTmp/src.c
Linking C executable cmTC_24a94
/opt/homebrew/Cellar/cmake/3.24.2/bin/cmake -E cmake_link_script CMakeFiles/cmTC_24a94.dir/link.txt --verbose=1
/Library/Developer/CommandLineTools/usr/bin/cc  -arch arm64 -isysroot /Library/Developer/CommandLineTools/SDKs/MacOSX13.1.sdk -Wl,-search_paths_first -Wl,-headerpad_max_install_names CMakeFiles/cmTC_24a94.dir/src.c.o -o cmTC_24a94 


Source file was:
int main(void) { return 0; }
Performing C SOURCE FILE Test COMPILER_SUPPORTS_Wdatetime succeeded with the following output:
Change Dir: /Users/mud/cProjects/projects/cshell/build/CMakeFiles/CMakeTmp

Run Build Command(s):/usr/bin/make -f Makefile cmTC_70c5a/fast && /Library/Developer/CommandLineTools/usr/bin/make  -f CMakeFiles/cmTC_70c5a.dir/build.make CMakeFiles/cmTC_70c5a.dir/build
Building C object CMakeFiles/cmTC_70c5a.dir/src.c.o
/Library/Developer/CommandLineTools/usr/bin/cc -DCOMPILER_SUPPORTS_Wdatetime  -arch arm64 -isysroot /Library/Developer/CommandLineTools/SDKs/MacOSX13.1.sdk   -Wdate-time -MD -MT CMakeFiles/cmTC_70c5a.dir/src.c.o -MF CMakeFiles/cmTC_70c5a.dir/src.c.o.d -o CMakeFiles/cmTC_70c5a.dir/src.c.o -c /Users/mud/cProjects/projects/cshell/build/CMakeFiles/CMakeTmp/src.c
Linking C executable cmTC_70c5a
/opt/homebrew/Cellar/cmake/3.24.2/bin/cmake -E cmake_link_script CMakeFiles/cmTC_70c5a.dir/link.txt --verbose=1
/Library/Developer/CommandLineTools/usr/bin/cc  -arch arm64 -isysroot /Library/Developer/CommandLineTools/SDKs/MacOSX13.1.sdk -Wl,-search_paths_first -Wl,-headerpad_max_install_names CMakeFiles/cmTC_70c5a.dir/src.c.o -o cmTC_70c5a 


Source file was:
int main(void) { return 0; }
Performing C SOURCE FILE Test COMPILER_SUPPORTS_Winvalidpch succeeded with the following output:
Change Dir: /Users/mud/cProjects/projects/cshell/build/CMakeFiles/CMakeTmp

Run Build Command(s):/usr/bin/make -f Makefile cmTC_d0560/fast && /Library/Developer/CommandLineTools/usr/bin/make  -f CMakeFiles/cmTC_d0560.dir/build.make CMakeFiles/cmTC_d0560.dir/build
Building C object CMakeFiles/cmTC_d0560.dir/src.c.o
/Library/Developer/CommandLineTools/usr/bin/cc -DCOMPILER_SUPPORTS_Winvalidpch  -arch arm64 -isysroot /Library/Developer/CommandLineTools/SDKs/MacOSX13.1.sdk   -Winvalid-pch -MD -MT CMakeFiles/cmTC_d0560.dir/src.c.o -MF CMakeFiles/cmTC_d0560.dir/src.c.o.d -o CMakeFiles/cmTC_d0560.dir/src.c.o -c /Users/mud/cProjects/projects/cshell/build/CMakeFiles/CMakeTmp/src.c
Linking C executable cmTC_d0560
/opt/homebrew/Cellar/cmake/3.24.2/bin/cmake -E cmake_link_script CMakeFiles/cmTC_d0560.dir/link.txt --verbose=1
/Library/Developer/CommandLineTools/usr/bin/cc  -arch arm64 -isysroot /Library/Developer/CommandLineTools/SDKs/MacOSX13.1.sdk -Wl,-search_paths_first -Wl,-headerpad_max_install_names CMakeFiles/cmTC_d0560.dir/src.c.o -o cmTC_d0560 


Source file was:
int main(void) { return 0; }
Performing C SOURCE FILE Test COMPILER_SUPPORTS_Wmissingdeclarations succeeded with the following output:
Change Dir: /Users/mud/cProjects/projects/cshell/build/CMakeFiles/CMakeTmp

Run Build Command(s):/usr/bin/make -f Makefile cmTC_14ee6/fast && /Library/Developer/CommandLineTools/usr/bin/make  -f CMakeFiles/cmTC_14ee6.dir/build.make CMakeFiles/cmTC_14ee6.dir/build
Building C object CMakeFiles/cmTC_14ee6.dir/src.c.o
/Library/Developer/CommandLineTools/usr/bin/cc -DCOMPILER_SUPPORTS_Wmissingdeclarations  -arch arm64 -isysroot /Library/Developer/CommandLineTools/SDKs/MacOSX13.1.sdk   -Wmissing-declarations -MD -MT CMakeFiles/cmTC_14ee6.dir/src.c.o -MF CMakeFiles/cmTC_14ee6.dir/src.c.o.d -o CMakeFiles/cmTC_14ee6.dir/src.c.o -c /Users/mud/cProjects/projects/cshell/build/CMakeFiles/CMakeTmp/src.c
Linking C executable cmTC_14ee6
/opt/homebrew/Cellar/cmake/3.24.2/bin/cmake -E cmake_link_script CMakeFiles/cmTC_14ee6.dir/link.txt --verbose=1
/Library/Developer/CommandLineTools/usr/bin/cc  -arch arm64 -isysroot /Library/Developer/CommandLineTools/SDKs/MacOSX13.1.sdk -Wl,-search_paths_first -Wl,-headerpad_max_install_names CMakeFiles/cmTC_14ee6.dir/src.c.o -o cmTC_14ee6 


Source file was:
int main(void) { return 0; }
Performing C SOURCE FILE Test COMPILER_SUPPORTS_Wmissingincludedirs succeeded with the following output:
Change Dir: /Users/mud/cProjects/projects/cshell/build/CMakeFiles/CMakeTmp

Run Build Command(s):/usr/bin/make -f Makefile cmTC_3bf53/fast && /Library/Developer/CommandLineTools/usr/bin/make  -f CMakeFiles/cmTC_3bf53.dir/build.make CMakeFiles/cmTC_3bf53.dir/build
Building C object CMakeFiles/cmTC_3bf53.dir/src.c.o
/Library/Developer/CommandLineTools/usr/bin/cc -DCOMPILER_SUPPORTS_Wmissingincludedirs  -arch arm64 -isysroot /Library/Developer/CommandLineTools/SDKs/MacOSX13.1.sdk   -Wmissing-include-dirs -MD -MT CMakeFiles/cmTC_3bf53.dir/src.c.o -MF CMakeFiles/cmTC_3bf53.dir/src.c.o.d -o CMakeFiles/cmTC_3bf53.dir/src.c.o -c /Users/mud/cProjects/projects/cshell/build/CMakeFiles/CMakeTmp/src.c
Linking C executable cmTC_3bf53
/opt/homebrew/Cellar/cmake/3.24.2/bin/cmake -E cmake_link_script CMakeFiles/cmTC_3bf53.dir/link.txt --verbose=1
/Library/Developer/CommandLineTools/usr/bin/cc  -arch arm64 -isysroot /Library/Developer/CommandLineTools/SDKs/MacOSX13.1.sdk -Wl,-search_paths_first -Wl,-headerpad_max_install_names CMakeFiles/cmTC_3bf53.dir/src.c.o -o cmTC_3bf53 


Source file was:
int main(void) { return 0; }
Performing C SOURCE FILE Test COMPILER_SUPPORTS_Wmissingprototypes succeeded with the following output:
Change Dir: /Users/mud/cProjects/projects/cshell/build/CMakeFiles/CMakeTmp

Run Build Command(s):/usr/bin/make -f Makefile cmTC_9c818/fast && /Library/Developer/CommandLineTools/usr/bin/make  -f CMakeFiles/cmTC_9c818.dir/build.make CMakeFiles/cmTC_9c818.dir/build
Building C object CMakeFiles/cmTC_9c818.dir/src.c.o
/Library/Developer/CommandLineTools/usr/bin/cc -DCOMPILER_SUPPORTS_Wmissingprototypes  -arch arm64 -isysroot /Library/Developer/CommandLineTools/SDKs/MacOSX13.1.sdk   -Wmissing-prototypes -MD -MT CMakeFiles/cmTC_9c818.dir/src.c.o -MF CMakeFiles/cmTC_9c818.dir/src.c.o.d -o CMakeFiles/cmTC_9c818.dir/src.c.o -c /Users/mud/cProjects/projects/cshell/build/CMakeFiles/CMakeTmp/src.c
Linking C executable cmTC_9c818
/opt/homebrew/Cellar/cmake/3.24.2/bin/cmake -E cmake_link_script CMakeFiles/cmTC_9c818.dir/link.txt --verbose=1
/Library/Developer/CommandLineTools/usr/bin/cc  -arch arm64 -isysroot /Library/Developer/CommandLineTools/SDKs/MacOSX13.1.sdk -Wl,-search_paths_first -Wl,-headerpad_max_install_names CMakeFiles/cmTC_9c818.dir/src.c.o -o cmTC_9c818 


Source file was:
int main(void) { return 0; }
Performing C SOURCE FILE Test COMPILER_SUPPORTS_Wstrictprototypes succeeded with the following output:
Change Dir: /Users/mud/cProjects/projects/cshell/build/CMakeFiles/CMakeTmp

Run Build Command(s):/usr/bin/make -f Makefile cmTC_660fc/fast && /Library/Developer/CommandLineTools/usr/bin/make  -f CMakeFiles/cmTC_660fc.dir/build.make CMakeFiles/cmTC_660fc.dir/build
Building C object CMakeFiles/cmTC_660fc.dir/src.c.o
/Library/Developer/CommandLineTools/usr/bin/cc -DCOMPILER_SUPPORTS_Wstrictprototypes  -arch arm64 -isysroot /Library/Developer/CommandLineTools/SDKs/MacOSX13.1.sdk   -Wstrict-prototypes -MD -MT CMakeFiles/cmTC_660fc.dir/src.c.o -MF CMakeFiles/cmTC_660fc.dir/src.c.o.d -o CMakeFiles/cmTC_660fc.dir/src.c.o -c /Users/mud/cProjects/projects/cshell/build/CMakeFiles/CMakeTmp/src.c
Linking C executable cmTC_660fc
/opt/homebrew/Cellar/cmake/3.24.2/bin/cmake -E cmake_link_script CMakeFiles/cmTC_660fc.dir/link.txt --verbose=1
/Library/Developer/CommandLineTools/usr/bin/cc  -arch arm64 -isysroot /Library/Developer/CommandLineTools/SDKs/MacOSX13.1.sdk -Wl,-search_paths_first -Wl,-headerpad_max_install_names CMakeFiles/cmTC_660fc.dir/src.c.o -o cmTC_660fc 


Source file was:
int main(void) { return 0; }
Performing C SOURCE FILE Test COMPILER_SUPPORTS_Wundef succeeded with the following output:
Change Dir: /Users/mud/cProjects/projects/cshell/build/CMakeFiles/CMakeTmp

Run Build Command(s):/usr/bin/make -f Makefile cmTC_312df/fast && /Library/Developer/CommandLineTools/usr/bin/make  -f CMakeFiles/cmTC_312df.dir/build.make CMakeFiles/cmTC_312df.dir/build
Building C object CMakeFiles/cmTC_312df.dir/src.c.o
/Library/Developer/CommandLineTools/usr/bin/cc -DCOMPILER_SUPPORTS_Wundef  -arch arm64 -isysroot /Library/Developer/CommandLineTools/SDKs/MacOSX13.1.sdk   -Wundef -MD -MT CMakeFiles/cmTC_312df.dir/src.c.o -MF CMakeFiles/cmTC_312df.dir/src.c.o.d -o CMakeFiles/cmTC_312df.dir/src.c.o -c /Users/mud/cProjects/projects/cshell/build/CMakeFiles/CMakeTmp/src.c
Linking C executable cmTC_312df
/opt/homebrew/Cellar/cmake/3.24.2/bin/cmake -E cmake_link_script CMakeFiles/cmTC_312df.dir/link.txt --verbose=1
/Library/Developer/CommandLineTools/usr/bin/cc  -arch arm64 -isysroot /Library/Developer/CommandLineTools/SDKs/MacOSX13.1.sdk -Wl,-search_paths_first -Wl,-headerpad_max_install_names CMakeFiles/cmTC_312df.dir/src.c.o -o cmTC_312df 


Source file was:
int main(void) { return 0; }
Performing C SOURCE FILE Test COMPILER_SUPPORTS_Wnulldereference succeeded with the following output:
Change Dir: /Users/mud/cProjects/projects/cshell/build/CMakeFiles/CMakeTmp

Run Build Command(s):/usr/bin/make -f Makefile cmTC_0237d/fast && /Library/Developer/CommandLineTools/usr/bin/make  -f CMakeFiles/cmTC_0237d.dir/build.make CMakeFiles/cmTC_0237d.dir/build
Building C object CMakeFiles/cmTC_0237d.dir/src.c.o
/Library/Developer/CommandLineTools/usr/bin/cc -DCOMPILER_SUPPORTS_Wnulldereference  -arch arm64 -isysroot /Library/Developer/CommandLineTools/SDKs/MacOSX13.1.sdk   -Wnull-dereference -MD -MT CMakeFiles/cmTC_0237d.dir/src.c.o -MF CMakeFiles/cmTC_0237d.dir/src.c.o.d -o CMakeFiles/cmTC_0237d.dir/src.c.o -c /Users/mud/cProjects/projects/cshell/build/CMakeFiles/CMakeTmp/src.c
Linking C executable cmTC_0237d
/opt/homebrew/Cellar/cmake/3.24.2/bin/cmake -E cmake_link_script CMakeFiles/cmTC_0237d.dir/link.txt --verbose=1
/Library/Developer/CommandLineTools/usr/bin/cc  -arch arm64 -isysroot /Library/Developer/CommandLineTools/SDKs/MacOSX13.1.sdk -Wl,-search_paths_first -Wl,-headerpad_max_install_names CMakeFiles/cmTC_0237d.dir/src.c.o -o cmTC_0237d 


Source file was:
int main(void) { return 0; }
Performing C SOURCE FILE Test COMPILER_SUPPORTS_Wstackprotector succeeded with the following output:
Change Dir: /Users/mud/cProjects/projects/cshell/build/CMakeFiles/CMakeTmp

Run Build Command(s):/usr/bin/make -f Makefile cmTC_e1756/fast && /Library/Developer/CommandLineTools/usr/bin/make  -f CMakeFiles/cmTC_e1756.dir/build.make CMakeFiles/cmTC_e1756.dir/build
Building C object CMakeFiles/cmTC_e1756.dir/src.c.o
/Library/Developer/CommandLineTools/usr/bin/cc -DCOMPILER_SUPPORTS_Wstackprotector  -arch arm64 -isysroot /Library/Developer/CommandLineTools/SDKs/MacOSX13.1.sdk   -Wstack-protector -MD -MT CMakeFiles/cmTC_e1756.dir/src.c.o -MF CMakeFiles/cmTC_e1756.dir/src.c.o.d -o CMakeFiles/cmTC_e1756.dir/src.c.o -c /Users/mud/cProjects/projects/cshell/build/CMakeFiles/CMakeTmp/src.c
Linking C executable cmTC_e1756
/opt/homebrew/Cellar/cmake/3.24.2/bin/cmake -E cmake_link_script CMakeFiles/cmTC_e1756.dir/link.txt --verbose=1
/Library/Developer/CommandLineTools/usr/bin/cc  -arch arm64 -isysroot /Library/Developer/CommandLineTools/SDKs/MacOSX13.1.sdk -Wl,-search_paths_first -Wl,-headerpad_max_install_names CMakeFiles/cmTC_e1756.dir/src.c.o -o cmTC_e1756 


Source file was:
int main(void) { return 0; }
Performing C SOURCE FILE Test COMPILER_SUPPORTS_Wdoublepromotion succeeded with the following output:
Change Dir: /Users/mud/cProjects/projects/cshell/build/CMakeFiles/CMakeTmp

Run Build Command(s):/usr/bin/make -f Makefile cmTC_2ab3e/fast && /Library/Developer/CommandLineTools/usr/bin/make  -f CMakeFiles/cmTC_2ab3e.dir/build.make CMakeFiles/cmTC_2ab3e.dir/build
Building C object CMakeFiles/cmTC_2ab3e.dir/src.c.o
/Library/Developer/CommandLineTools/usr/bin/cc -DCOMPILER_SUPPORTS_Wdoublepromotion  -arch arm64 -isysroot /Library/Developer/CommandLineTools/SDKs/MacOSX13.1.sdk   -Wdouble-promotion -MD -MT CMakeFiles/cmTC_2ab3e.dir/src.c.o -MF CMakeFiles/cmTC_2ab3e.dir/src.c.o.d -o CMakeFiles/cmTC_2ab3e.dir/src.c.o -c /Users/mud/cProjects/projects/cshell/build/CMakeFiles/CMakeTmp/src.c
Linking C executable cmTC_2ab3e
/opt/homebrew/Cellar/cmake/3.24.2/bin/cmake -E cmake_link_script CMakeFiles/cmTC_2ab3e.dir/link.txt --verbose=1
/Library/Developer/CommandLineTools/usr/bin/cc  -arch arm64 -isysroot /Library/Developer/CommandLineTools/SDKs/MacOSX13.1.sdk -Wl,-search_paths_first -Wl,-headerpad_max_install_names CMakeFiles/cmTC_2ab3e.dir/src.c.o -o cmTC_2ab3e 


Source file was:
int main(void) { return 0; }
Performing C SOURCE FILE Test COMPILER_SUPPORTS_Wvla succeeded with the following output:
Change Dir: /Users/mud/cProjects/projects/cshell/build/CMakeFiles/CMakeTmp

Run Build Command(s):/usr/bin/make -f Makefile cmTC_f47f6/fast && /Library/Developer/CommandLineTools/usr/bin/make  -f CMakeFiles/cmTC_f47f6.dir/build.make CMakeFiles/cmTC_f47f6.dir/build
Building C object CMakeFiles/cmTC_f47f6.dir/src.c.o
/Library/Developer/CommandLineTools/usr/bin/cc -DCOMPILER_SUPPORTS_Wvla  -arch arm64 -isysroot /Library/Developer/CommandLineTools/SDKs/MacOSX13.1.sdk   -Wvla -MD -MT CMakeFiles/cmTC_f47f6.dir/src.c.o -MF CMakeFiles/cmTC_f47f6.dir/src.c.o.d -o CMakeFiles/cmTC_f47f6.dir/src.c.o -c /Users/mud/cProjects/projects/cshell/build/CMakeFiles/CMakeTmp/src.c
Linking C executable cmTC_f47f6
/opt/homebrew/Cellar/cmake/3.24.2/bin/cmake -E cmake_link_script CMakeFiles/cmTC_f47f6.dir/link.txt --verbose=1
/Library/Developer/CommandLineTools/usr/bin/cc  -arch arm64 -isysroot /Library/Developer/CommandLineTools/SDKs/MacOSX13.1.sdk -Wl,-search_paths_first -Wl,-headerpad_max_install_names CMakeFiles/cmTC_f47f6.dir/src.c.o -o cmTC_f47f6 


Source file was:
int main(void) { return 0; }
Performing C SOURCE FILE Test COMPILER_SUPPORTS_Walloca succeeded with the following output:
Change Dir: /Users/mud/cProjects/projects/cshell/build/CMakeFiles/CMakeTmp

Run Build Command(s):/usr/bin/make -f Makefile cmTC_f0695/fast && /Library/Developer/CommandLineTools/usr/bin/make  -f CMakeFiles/cmTC_f0695.dir/build.make CMakeFiles/cmTC_f0695.dir/build
Building C object CMakeFiles/cmTC_f0695.dir/src.c.o
/Library/Developer/CommandLineTools/usr/bin/cc -DCOMPILER_SUPPORTS_Walloca  -arch arm64 -isysroot /Library/Developer/CommandLineTools/SDKs/MacOSX13.1.sdk   -Walloca -MD -MT CMakeFiles/cmTC_f0695.dir/src.c.o -MF CMakeFiles/cmTC_f0695.dir/src.c.o.d -o CMakeFiles/cmTC_f0695.dir/src.c.o -c /Users/mud/cProjects/projects/cshell/build/CMakeFiles/CMakeTmp/src.c
Linking C executable cmTC_f0695
/opt/homebrew/Cellar/cmake/3.24.2/bin/cmake -E cmake_link_script CMakeFiles/cmTC_f0695.dir/link.txt --verbose=1
/Library/Developer/CommandLineTools/usr/bin/cc  -arch arm64 -isysroot /Library/Developer/CommandLineTools/SDKs/MacOSX13.1.sdk -Wl,-search_paths_first -Wl,-headerpad_max_install_names CMakeFiles/cmTC_f0695.dir/src.c.o -o cmTC_f0695 


Source file was:
int main(void) { return 0; }
Performing C SOURCE FILE Test COMPILER_SUPPORTS_Woverlengthstrings succeeded with the following output:
Change Dir: /Users/mud/cProjects/projects/cshell/build/CMakeFiles/CMakeTmp

Run Build Command(s):/usr/bin/make -f Makefile cmTC_5d99b/fast && /Library/Developer/CommandLineTools/usr/bin/make  -f CMakeFiles/cmTC_5d99b.dir/build.make CMakeFiles/cmTC_5d99b.dir/build
Building C object CMakeFiles/cmTC_5d99b.dir/src.c.o
/Library/Developer/CommandLineTools/usr/bin/cc -DCOMPILER_SUPPORTS_Woverlengthstrings  -arch arm64 -isysroot /Library/Developer/CommandLineTools/SDKs/MacOSX13.1.sdk   -Woverlength-strings -MD -MT CMakeFiles/cmTC_5d99b.dir/src.c.o -MF CMakeFiles/cmTC_5d99b.dir/src.c.o.d -o CMakeFiles/cmTC_5d99b.dir/src.c.o -c /Users/mud/cProjects/projects/cshell/build/CMakeFiles/CMakeTmp/src.c
Linking C executable cmTC_5d99b
/opt/homebrew/Cellar/cmake/3.24.2/bin/cmake -E cmake_link_script CMakeFiles/cmTC_5d99b.dir/link.txt --verbose=1
/Library/Developer/CommandLineTools/usr/bin/cc  -arch arm64 -isysroot /Library/Developer/CommandLineTools/SDKs/MacOSX13.1.sdk -Wl,-search_paths_first -Wl,-headerpad_max_install_names CMakeFiles/cmTC_5d99b.dir/src.c.o -o cmTC_5d99b 


Source file was:
int main(void) { return 0; }
Performing C SOURCE FILE Test COMPILER_SUPPORTS_Wdisabledoptimization succeeded with the following output:
Change Dir: /Users/mud/cProjects/projects/cshell/build/CMakeFiles/CMakeTmp

Run Build Command(s):/usr/bin/make -f Makefile cmTC_2870d/fast && /Library/Developer/CommandLineTools/usr/bin/make  -f CMakeFiles/cmTC_2870d.dir/build.make CMakeFiles/cmTC_2870d.dir/build
Building C object CMakeFiles/cmTC_2870d.dir/src.c.o
/Library/Developer/CommandLineTools/usr/bin/cc -DCOMPILER_SUPPORTS_Wdisabledoptimization  -arch arm64 -isysroot /Library/Developer/CommandLineTools/SDKs/MacOSX13.1.sdk   -Wdisabled-optimization -MD -MT CMakeFiles/cmTC_2870d.dir/src.c.o -MF CMakeFiles/cmTC_2870d.dir/src.c.o.d -o CMakeFiles/cmTC_2870d.dir/src.c.o -c /Users/mud/cProjects/projects/cshell/build/CMakeFiles/CMakeTmp/src.c
Linking C executable cmTC_2870d
/opt/homebrew/Cellar/cmake/3.24.2/bin/cmake -E cmake_link_script CMakeFiles/cmTC_2870d.dir/link.txt --verbose=1
/Library/Developer/CommandLineTools/usr/bin/cc  -arch arm64 -isysroot /Library/Developer/CommandLineTools/SDKs/MacOSX13.1.sdk -Wl,-search_paths_first -Wl,-headerpad_max_install_names CMakeFiles/cmTC_2870d.dir/src.c.o -o cmTC_2870d 


Source file was:
int main(void) { return 0; }
Performing C SOURCE FILE Test COMPILER_SUPPORTS_Winline succeeded with the following output:
Change Dir: /Users/mud/cProjects/projects/cshell/build/CMakeFiles/CMakeTmp

Run Build Command(s):/usr/bin/make -f Makefile cmTC_26b91/fast && /Library/Developer/CommandLineTools/usr/bin/make  -f CMakeFiles/cmTC_26b91.dir/build.make CMakeFiles/cmTC_26b91.dir/build
Building C object CMakeFiles/cmTC_26b91.dir/src.c.o
/Library/Developer/CommandLineTools/usr/bin/cc -DCOMPILER_SUPPORTS_Winline  -arch arm64 -isysroot /Library/Developer/CommandLineTools/SDKs/MacOSX13.1.sdk   -Winline -MD -MT CMakeFiles/cmTC_26b91.dir/src.c.o -MF CMakeFiles/cmTC_26b91.dir/src.c.o.d -o CMakeFiles/cmTC_26b91.dir/src.c.o -c /Users/mud/cProjects/projects/cshell/build/CMakeFiles/CMakeTmp/src.c
Linking C executable cmTC_26b91
/opt/homebrew/Cellar/cmake/3.24.2/bin/cmake -E cmake_link_script CMakeFiles/cmTC_26b91.dir/link.txt --verbose=1
/Library/Developer/CommandLineTools/usr/bin/cc  -arch arm64 -isysroot /Library/Developer/CommandLineTools/SDKs/MacOSX13.1.sdk -Wl,-search_paths_first -Wl,-headerpad_max_install_names CMakeFiles/cmTC_26b91.dir/src.c.o -o cmTC_26b91 


Source file was:
int main(void) { return 0; }
Performing C SOURCE FILE Test COMPILER_SUPPORTS_Wcastqual succeeded with the following output:
Change Dir: /Users/mud/cProjects/projects/cshell/build/CMakeFiles/CMakeTmp

Run Build Command(s):/usr/bin/make -f Makefile cmTC_22741/fast && /Library/Developer/CommandLineTools/usr/bin/make  -f CMakeFiles/cmTC_22741.dir/build.make CMakeFiles/cmTC_22741.dir/build
Building C object CMakeFiles/cmTC_22741.dir/src.c.o
/Library/Developer/CommandLineTools/usr/bin/cc -DCOMPILER_SUPPORTS_Wcastqual  -arch arm64 -isysroot /Library/Developer/CommandLineTools/SDKs/MacOSX13.1.sdk   -Wcast-qual -MD -MT CMakeFiles/cmTC_22741.dir/src.c.o -MF CMakeFiles/cmTC_22741.dir/src.c.o.d -o CMakeFiles/cmTC_22741.dir/src.c.o -c /Users/mud/cProjects/projects/cshell/build/CMakeFiles/CMakeTmp/src.c
Linking C executable cmTC_22741
/opt/homebrew/Cellar/cmake/3.24.2/bin/cmake -E cmake_link_script CMakeFiles/cmTC_22741.dir/link.txt --verbose=1
/Library/Developer/CommandLineTools/usr/bin/cc  -arch arm64 -isysroot /Library/Developer/CommandLineTools/SDKs/MacOSX13.1.sdk -Wl,-search_paths_first -Wl,-headerpad_max_install_names CMakeFiles/cmTC_22741.dir/src.c.o -o cmTC_22741 


Source file was:
int main(void) { return 0; }
Performing C SOURCE FILE Test COMPILER_SUPPORTS_Wfloatequal succeeded with the following output:
Change Dir: /Users/mud/cProjects/projects/cshell/build/CMakeFiles/CMakeTmp

Run Build Command(s):/usr/bin/make -f Makefile cmTC_16f4d/fast && /Library/Developer/CommandLineTools/usr/bin/make  -f CMakeFiles/cmTC_16f4d.dir/build.make CMakeFiles/cmTC_16f4d.dir/build
Building C object CMakeFiles/cmTC_16f4d.dir/src.c.o
/Library/Developer/CommandLineTools/usr/bin/cc -DCOMPILER_SUPPORTS_Wfloatequal  -arch arm64 -isysroot /Library/Developer/CommandLineTools/SDKs/MacOSX13.1.sdk   -Wfloat-equal -MD -MT CMakeFiles/cmTC_16f4d.dir/src.c.o -MF CMakeFiles/cmTC_16f4d.dir/src.c.o.d -o CMakeFiles/cmTC_16f4d.dir/src.c.o -c /Users/mud/cProjects/projects/cshell/build/CMakeFiles/CMakeTmp/src.c
Linking C executable cmTC_16f4d
/opt/homebrew/Cellar/cmake/3.24.2/bin/cmake -E cmake_link_script CMakeFiles/cmTC_16f4d.dir/link.txt --verbose=1
/Library/Developer/CommandLineTools/usr/bin/cc  -arch arm64 -isysroot /Library/Developer/CommandLineTools/SDKs/MacOSX13.1.sdk -Wl,-search_paths_first -Wl,-headerpad_max_install_names CMakeFiles/cmTC_16f4d.dir/src.c.o -o cmTC_16f4d 


Source file was:
int main(void) { return 0; }
Performing C SOURCE FILE Test COMPILER_SUPPORTS_Wformat=2 succeeded with the following output:
Change Dir: /Users/mud/cProjects/projects/cshell/build/CMakeFiles/CMakeTmp

Run Build Command(s):/usr/bin/make -f Makefile cmTC_f6c71/fast && /Library/Developer/CommandLineTools/usr/bin/make  -f CMakeFiles/cmTC_f6c71.dir/build.make CMakeFiles/cmTC_f6c71.dir/build
Building C object CMakeFiles/cmTC_f6c71.dir/src.c.o
/Library/Developer/CommandLineTools/usr/bin/cc -DCOMPILER_SUPPORTS_Wformat=2  -arch arm64 -isysroot /Library/Developer/CommandLineTools/SDKs/MacOSX13.1.sdk   -Wformat=2 -MD -MT CMakeFiles/cmTC_f6c71.dir/src.c.o -MF CMakeFiles/cmTC_f6c71.dir/src.c.o.d -o CMakeFiles/cmTC_f6c71.dir/src.c.o -c /Users/mud/cProjects/projects/cshell/build/CMakeFiles/CMakeTmp/src.c
Linking C executable cmTC_f6c71
/opt/homebrew/Cellar/cmake/3.24.2/bin/cmake -E cmake_link_script CMakeFiles/cmTC_f6c71.dir/link.txt --verbose=1
/Library/Developer/CommandLineTools/usr/bin/cc  -arch arm64 -isysroot /Library/Developer/CommandLineTools/SDKs/MacOSX13.1.sdk -Wl,-search_paths_first -Wl,-headerpad_max_install_names CMakeFiles/cmTC_f6c71.dir/src.c.o -o cmTC_f6c71 


Source file was:
int main(void) { return 0; }
Performing C SOURCE FILE Test COMPILER_SUPPORTS_Wfreenonheapobject succeeded with the following output:
Change Dir: /Users/mud/cProjects/projects/cshell/build/CMakeFiles/CMakeTmp

Run Build Command(s):/usr/bin/make -f Makefile cmTC_9ba39/fast && /Library/Developer/CommandLineTools/usr/bin/make  -f CMakeFiles/cmTC_9ba39.dir/build.make CMakeFiles/cmTC_9ba39.dir/build
Building C object CMakeFiles/cmTC_9ba39.dir/src.c.o
/Library/Developer/CommandLineTools/usr/bin/cc -DCOMPILER_SUPPORTS_Wfreenonheapobject  -arch arm64 -isysroot /Library/Developer/CommandLineTools/SDKs/MacOSX13.1.sdk   -Wfree-nonheap-object -MD -MT CMakeFiles/cmTC_9ba39.dir/src.c.o -MF CMakeFiles/cmTC_9ba39.dir/src.c.o.d -o CMakeFiles/cmTC_9ba39.dir/src.c.o -c /Users/mud/cProjects/projects/cshell/build/CMakeFiles/CMakeTmp/src.c
Linking C executable cmTC_9ba39
/opt/homebrew/Cellar/cmake/3.24.2/bin/cmake -E cmake_link_script CMakeFiles/cmTC_9ba39.dir/link.txt --verbose=1
/Library/Developer/CommandLineTools/usr/bin/cc  -arch arm64 -isysroot /Library/Developer/CommandLineTools/SDKs/MacOSX13.1.sdk -Wl,-search_paths_first -Wl,-headerpad_max_install_names CMakeFiles/cmTC_9ba39.dir/src.c.o -o cmTC_9ba39 


Source file was:
int main(void) { return 0; }
Performing C SOURCE FILE Test COMPILER_SUPPORTS_Wshiftoverflow succeeded with the following output:
Change Dir: /Users/mud/cProjects/projects/cshell/build/CMakeFiles/CMakeTmp

Run Build Command(s):/usr/bin/make -f Makefile cmTC_ab146/fast && /Library/Developer/CommandLineTools/usr/bin/make  -f CMakeFiles/cmTC_ab146.dir/build.make CMakeFiles/cmTC_ab146.dir/build
Building C object CMakeFiles/cmTC_ab146.dir/src.c.o
/Library/Developer/CommandLineTools/usr/bin/cc -DCOMPILER_SUPPORTS_Wshiftoverflow  -arch arm64 -isysroot /Library/Developer/CommandLineTools/SDKs/MacOSX13.1.sdk   -Wshift-overflow -MD -MT CMakeFiles/cmTC_ab146.dir/src.c.o -MF CMakeFiles/cmTC_ab146.dir/src.c.o.d -o CMakeFiles/cmTC_ab146.dir/src.c.o -c /Users/mud/cProjects/projects/cshell/build/CMakeFiles/CMakeTmp/src.c
Linking C executable cmTC_ab146
/opt/homebrew/Cellar/cmake/3.24.2/bin/cmake -E cmake_link_script CMakeFiles/cmTC_ab146.dir/link.txt --verbose=1
/Library/Developer/CommandLineTools/usr/bin/cc  -arch arm64 -isysroot /Library/Developer/CommandLineTools/SDKs/MacOSX13.1.sdk -Wl,-search_paths_first -Wl,-headerpad_max_install_names CMakeFiles/cmTC_ab146.dir/src.c.o -o cmTC_ab146 


Source file was:
int main(void) { return 0; }
Performing C SOURCE FILE Test COMPILER_SUPPORTS_Wwritestrings succeeded with the following output:
Change Dir: /Users/mud/cProjects/projects/cshell/build/CMakeFiles/CMakeTmp

Run Build Command(s):/usr/bin/make -f Makefile cmTC_e6927/fast && /Library/Developer/CommandLineTools/usr/bin/make  -f CMakeFiles/cmTC_e6927.dir/build.make CMakeFiles/cmTC_e6927.dir/build
Building C object CMakeFiles/cmTC_e6927.dir/src.c.o
/Library/Developer/CommandLineTools/usr/bin/cc -DCOMPILER_SUPPORTS_Wwritestrings  -arch arm64 -isysroot /Library/Developer/CommandLineTools/SDKs/MacOSX13.1.sdk   -Wwrite-strings -MD -MT CMakeFiles/cmTC_e6927.dir/src.c.o -MF CMakeFiles/cmTC_e6927.dir/src.c.o.d -o CMakeFiles/cmTC_e6927.dir/src.c.o -c /Users/mud/cProjects/projects/cshell/build/CMakeFiles/CMakeTmp/src.c
Linking C executable cmTC_e6927
/opt/homebrew/Cellar/cmake/3.24.2/bin/cmake -E cmake_link_script CMakeFiles/cmTC_e6927.dir/link.txt --verbose=1
/Library/Developer/CommandLineTools/usr/bin/cc  -arch arm64 -isysroot /Library/Developer/CommandLineTools/SDKs/MacOSX13.1.sdk -Wl,-search_paths_first -Wl,-headerpad_max_install_names CMakeFiles/cmTC_e6927.dir/src.c.o -o cmTC_e6927 


Source file was:
int main(void) { return 0; }
